<?xml version="1.0" encoding="UTF-8"?>
<!-- Generated by org.testng.reporters.JUnitReportReporter -->
<testsuite hostname="JosH-PC" failures="0" tests="1" name="GITTest.GITTest" time="32.853" errors="0" timestamp="25 Feb 2018 11:25:15 GMT" skipped="0">
  <testcase classname="GITTest.GITTest" name="loginTest" time="32.853"/>
</testsuite> <!-- GITTest.GITTest -->
